{"C:\\Users\\peace\\source\\peacepiece\\react-test\\unit-basic\\add.js": {"path":"C:\\Users\\peace\\source\\peacepiece\\react-test\\unit-basic\\add.js","all":false,"statementMap":{"0":{"start":{"line":1,"column":0},"end":{"line":1,"column":20}},"1":{"start":{"line":2,"column":0},"end":{"line":2,"column":14}},"2":{"start":{"line":3,"column":0},"end":{"line":3,"column":1}},"3":{"start":{"line":4,"column":0},"end":{"line":4,"column":0}},"4":{"start":{"line":5,"column":0},"end":{"line":5,"column":20}}},"s":{"0":1,"1":1,"2":1,"3":1,"4":1},"branchMap":{"0":{"type":"branch","line":1,"loc":{"start":{"line":1,"column":0},"end":{"line":3,"column":1}},"locations":[{"start":{"line":1,"column":0},"end":{"line":3,"column":1}}]}},"b":{"0":[1]},"fnMap":{"0":{"name":"add","decl":{"start":{"line":1,"column":0},"end":{"line":3,"column":1}},"loc":{"start":{"line":1,"column":0},"end":{"line":3,"column":1}},"line":1}},"f":{"0":1}}
,"C:\\Users\\peace\\source\\peacepiece\\react-test\\unit-basic\\calculator.js": {"path":"C:\\Users\\peace\\source\\peacepiece\\react-test\\unit-basic\\calculator.js","all":false,"statementMap":{"0":{"start":{"line":1,"column":0},"end":{"line":1,"column":18}},"1":{"start":{"line":2,"column":0},"end":{"line":2,"column":17}},"2":{"start":{"line":3,"column":0},"end":{"line":3,"column":18}},"3":{"start":{"line":4,"column":0},"end":{"line":4,"column":3}},"4":{"start":{"line":5,"column":0},"end":{"line":5,"column":0}},"5":{"start":{"line":6,"column":0},"end":{"line":6,"column":12}},"6":{"start":{"line":7,"column":0},"end":{"line":7,"column":20}},"7":{"start":{"line":8,"column":0},"end":{"line":8,"column":15}},"8":{"start":{"line":9,"column":0},"end":{"line":9,"column":3}},"9":{"start":{"line":10,"column":0},"end":{"line":10,"column":0}},"10":{"start":{"line":11,"column":0},"end":{"line":11,"column":11}},"11":{"start":{"line":12,"column":0},"end":{"line":12,"column":18}},"12":{"start":{"line":13,"column":0},"end":{"line":13,"column":15}},"13":{"start":{"line":14,"column":0},"end":{"line":14,"column":3}},"14":{"start":{"line":15,"column":0},"end":{"line":15,"column":0}},"15":{"start":{"line":16,"column":0},"end":{"line":16,"column":12}},"16":{"start":{"line":17,"column":0},"end":{"line":17,"column":32}},"17":{"start":{"line":18,"column":0},"end":{"line":18,"column":20}},"18":{"start":{"line":19,"column":0},"end":{"line":19,"column":58}},"19":{"start":{"line":20,"column":0},"end":{"line":20,"column":5}},"20":{"start":{"line":21,"column":0},"end":{"line":21,"column":20}},"21":{"start":{"line":22,"column":0},"end":{"line":22,"column":15}},"22":{"start":{"line":23,"column":0},"end":{"line":23,"column":3}},"23":{"start":{"line":24,"column":0},"end":{"line":24,"column":0}},"24":{"start":{"line":25,"column":0},"end":{"line":25,"column":17}},"25":{"start":{"line":26,"column":0},"end":{"line":26,"column":33}},"26":{"start":{"line":27,"column":0},"end":{"line":27,"column":15}},"27":{"start":{"line":28,"column":0},"end":{"line":28,"column":3}},"28":{"start":{"line":29,"column":0},"end":{"line":29,"column":0}},"29":{"start":{"line":30,"column":0},"end":{"line":30,"column":17}},"30":{"start":{"line":31,"column":0},"end":{"line":31,"column":33}},"31":{"start":{"line":32,"column":0},"end":{"line":32,"column":15}},"32":{"start":{"line":33,"column":0},"end":{"line":33,"column":3}},"33":{"start":{"line":34,"column":0},"end":{"line":34,"column":0}},"34":{"start":{"line":35,"column":0},"end":{"line":35,"column":15}},"35":{"start":{"line":36,"column":0},"end":{"line":36,"column":33}},"36":{"start":{"line":37,"column":0},"end":{"line":37,"column":15}},"37":{"start":{"line":38,"column":0},"end":{"line":38,"column":3}},"38":{"start":{"line":39,"column":0},"end":{"line":39,"column":1}},"39":{"start":{"line":40,"column":0},"end":{"line":40,"column":0}},"40":{"start":{"line":41,"column":0},"end":{"line":41,"column":27}}},"s":{"0":1,"1":1,"2":10,"3":10,"4":1,"5":1,"6":7,"7":7,"8":7,"9":1,"10":1,"11":1,"12":1,"13":1,"14":1,"15":1,"16":2,"17":2,"18":1,"19":1,"20":1,"21":1,"22":1,"23":1,"24":1,"25":1,"26":1,"27":1,"28":1,"29":1,"30":1,"31":1,"32":1,"33":1,"34":1,"35":3,"36":3,"37":3,"38":1,"39":1,"40":1},"branchMap":{"0":{"type":"branch","line":2,"loc":{"start":{"line":2,"column":2},"end":{"line":4,"column":3}},"locations":[{"start":{"line":2,"column":2},"end":{"line":4,"column":3}}]},"1":{"type":"branch","line":6,"loc":{"start":{"line":6,"column":2},"end":{"line":9,"column":3}},"locations":[{"start":{"line":6,"column":2},"end":{"line":9,"column":3}}]},"2":{"type":"branch","line":11,"loc":{"start":{"line":11,"column":2},"end":{"line":14,"column":3}},"locations":[{"start":{"line":11,"column":2},"end":{"line":14,"column":3}}]},"3":{"type":"branch","line":16,"loc":{"start":{"line":16,"column":2},"end":{"line":23,"column":3}},"locations":[{"start":{"line":16,"column":2},"end":{"line":23,"column":3}}]},"4":{"type":"branch","line":18,"loc":{"start":{"line":18,"column":19},"end":{"line":23,"column":3}},"locations":[{"start":{"line":18,"column":19},"end":{"line":23,"column":3}}]},"5":{"type":"branch","line":25,"loc":{"start":{"line":25,"column":2},"end":{"line":28,"column":3}},"locations":[{"start":{"line":25,"column":2},"end":{"line":28,"column":3}}]},"6":{"type":"branch","line":30,"loc":{"start":{"line":30,"column":2},"end":{"line":33,"column":3}},"locations":[{"start":{"line":30,"column":2},"end":{"line":33,"column":3}}]},"7":{"type":"branch","line":35,"loc":{"start":{"line":35,"column":2},"end":{"line":38,"column":3}},"locations":[{"start":{"line":35,"column":2},"end":{"line":38,"column":3}}]}},"b":{"0":[10],"1":[7],"2":[1],"3":[2],"4":[1],"5":[1],"6":[1],"7":[3]},"fnMap":{"0":{"name":"Calculator","decl":{"start":{"line":2,"column":2},"end":{"line":4,"column":3}},"loc":{"start":{"line":2,"column":2},"end":{"line":4,"column":3}},"line":2},"1":{"name":"set","decl":{"start":{"line":6,"column":2},"end":{"line":9,"column":3}},"loc":{"start":{"line":6,"column":2},"end":{"line":9,"column":3}},"line":6},"2":{"name":"clear","decl":{"start":{"line":11,"column":2},"end":{"line":14,"column":3}},"loc":{"start":{"line":11,"column":2},"end":{"line":14,"column":3}},"line":11},"3":{"name":"add","decl":{"start":{"line":16,"column":2},"end":{"line":23,"column":3}},"loc":{"start":{"line":16,"column":2},"end":{"line":23,"column":3}},"line":16},"4":{"name":"subtract","decl":{"start":{"line":25,"column":2},"end":{"line":28,"column":3}},"loc":{"start":{"line":25,"column":2},"end":{"line":28,"column":3}},"line":25},"5":{"name":"multiply","decl":{"start":{"line":30,"column":2},"end":{"line":33,"column":3}},"loc":{"start":{"line":30,"column":2},"end":{"line":33,"column":3}},"line":30},"6":{"name":"divide","decl":{"start":{"line":35,"column":2},"end":{"line":38,"column":3}},"loc":{"start":{"line":35,"column":2},"end":{"line":38,"column":3}},"line":35}},"f":{"0":10,"1":7,"2":1,"3":2,"4":1,"5":1,"6":3}}
}
