TN:
SF:add.js
FN:1,add
FNF:1
FNH:1
FNDA:1,add
DA:1,1
DA:2,1
DA:3,1
DA:4,1
DA:5,1
LF:5
LH:5
BRDA:1,0,0,1
BRF:1
BRH:1
end_of_record
TN:
SF:calculator.js
FN:2,Calculator
FN:6,set
FN:11,clear
FN:16,add
FN:25,subtract
FN:30,multiply
FN:35,divide
FNF:7
FNH:7
FNDA:10,Calculator
FNDA:7,set
FNDA:1,clear
FNDA:2,add
FNDA:1,subtract
FNDA:1,multiply
FNDA:3,divide
DA:1,1
DA:2,1
DA:3,10
DA:4,10
DA:5,1
DA:6,1
DA:7,7
DA:8,7
DA:9,7
DA:10,1
DA:11,1
DA:12,1
DA:13,1
DA:14,1
DA:15,1
DA:16,1
DA:17,2
DA:18,2
DA:19,1
DA:20,1
DA:21,1
DA:22,1
DA:23,1
DA:24,1
DA:25,1
DA:26,1
DA:27,1
DA:28,1
DA:29,1
DA:30,1
DA:31,1
DA:32,1
DA:33,1
DA:34,1
DA:35,1
DA:36,3
DA:37,3
DA:38,3
DA:39,1
DA:40,1
DA:41,1
LF:41
LH:41
BRDA:2,0,0,10
BRDA:6,1,0,7
BRDA:11,2,0,1
BRDA:16,3,0,2
BRDA:18,4,0,1
BRDA:25,5,0,1
BRDA:30,6,0,1
BRDA:35,7,0,3
BRF:8
BRH:8
end_of_record
